[2025-03-08T13:23:26.183+0000] {manager.py:470} INFO - Processing files using up to 2 processes at a time 
[2025-03-08T13:23:26.185+0000] {manager.py:471} INFO - Process each file at most once every 30 seconds
[2025-03-08T13:23:26.185+0000] {manager.py:472} INFO - Checking for new files in /opt/airflow/dags every 300 seconds
[2025-03-08T13:23:26.186+0000] {manager.py:737} INFO - Searching for files in /opt/airflow/dags
[2025-03-08T13:23:26.199+0000] {manager.py:740} INFO - There are 1 files in /opt/airflow/dags
[2025-03-08T13:23:26.266+0000] {manager.py:878} INFO - 
================================================================================
DAG File Processing Stats

File Path                        PID  Runtime      # DAGs    # Errors  Last Runtime    Last Run
-----------------------------  -----  ---------  --------  ----------  --------------  ----------
/opt/airflow/dags/dag_test.py    108  0.03s             0           0
================================================================================
[2025-03-08T13:25:04.522+0000] {manager.py:470} INFO - Processing files using up to 2 processes at a time 
[2025-03-08T13:25:04.524+0000] {manager.py:471} INFO - Process each file at most once every 30 seconds
[2025-03-08T13:25:04.526+0000] {manager.py:472} INFO - Checking for new files in /opt/airflow/dags every 300 seconds
[2025-03-08T13:25:04.527+0000] {manager.py:737} INFO - Searching for files in /opt/airflow/dags
[2025-03-08T13:25:04.554+0000] {manager.py:740} INFO - There are 1 files in /opt/airflow/dags
[2025-03-08T13:25:04.690+0000] {manager.py:878} INFO - 
================================================================================
DAG File Processing Stats

File Path                        PID  Runtime      # DAGs    # Errors  Last Runtime    Last Run
-----------------------------  -----  ---------  --------  ----------  --------------  ----------
/opt/airflow/dags/dag_test.py     15  0.07s             0           0
================================================================================
[2025-03-08T13:25:34.862+0000] {manager.py:878} INFO - 
================================================================================
DAG File Processing Stats

File Path                        PID  Runtime      # DAGs    # Errors  Last Runtime    Last Run
-----------------------------  -----  ---------  --------  ----------  --------------  -------------------
/opt/airflow/dags/dag_test.py     16  0.00s             1           0  0.20s           2025-03-08T13:25:04
================================================================================
[2025-03-08T13:26:05.075+0000] {manager.py:878} INFO - 
================================================================================
DAG File Processing Stats

File Path                        PID  Runtime      # DAGs    # Errors  Last Runtime    Last Run
-----------------------------  -----  ---------  --------  ----------  --------------  -------------------
/opt/airflow/dags/dag_test.py     17  0.00s             1           0  0.08s           2025-03-08T13:25:34
================================================================================
[2025-03-08T13:26:35.509+0000] {manager.py:878} INFO - 
================================================================================
DAG File Processing Stats

File Path                      PID    Runtime      # DAGs    # Errors  Last Runtime    Last Run
-----------------------------  -----  ---------  --------  ----------  --------------  -------------------
/opt/airflow/dags/dag_test.py                           1           0  0.10s           2025-03-08T13:26:56
================================================================================
[2025-03-08T13:27:05.764+0000] {manager.py:878} INFO - 
================================================================================
DAG File Processing Stats

File Path                      PID    Runtime      # DAGs    # Errors  Last Runtime    Last Run
-----------------------------  -----  ---------  --------  ----------  --------------  -------------------
/opt/airflow/dags/dag_test.py                           1           0  -28.93s         2025-03-08T13:26:57
================================================================================
[2025-03-08T13:27:35.980+0000] {manager.py:878} INFO - 
================================================================================
DAG File Processing Stats

File Path                      PID    Runtime      # DAGs    # Errors  Last Runtime    Last Run
-----------------------------  -----  ---------  --------  ----------  --------------  -------------------
/opt/airflow/dags/dag_test.py                           1           0  0.09s           2025-03-08T13:27:27
================================================================================
[2025-03-08T13:28:06.188+0000] {manager.py:878} INFO - 
================================================================================
DAG File Processing Stats

File Path                      PID    Runtime      # DAGs    # Errors  Last Runtime    Last Run
-----------------------------  -----  ---------  --------  ----------  --------------  -------------------
/opt/airflow/dags/dag_test.py                           1           0  0.09s           2025-03-08T13:27:58
================================================================================
[2025-03-08T13:28:36.387+0000] {manager.py:878} INFO - 
================================================================================
DAG File Processing Stats

File Path                      PID    Runtime      # DAGs    # Errors  Last Runtime    Last Run
-----------------------------  -----  ---------  --------  ----------  --------------  -------------------
/opt/airflow/dags/dag_test.py                           1           0  0.09s           2025-03-08T13:28:28
================================================================================
[2025-03-08T13:28:50.169+0000] {manager.py:452} INFO - Exiting gracefully upon receiving signal 15
[2025-03-08T13:29:16.511+0000] {manager.py:470} INFO - Processing files using up to 2 processes at a time 
[2025-03-08T13:29:16.513+0000] {manager.py:471} INFO - Process each file at most once every 30 seconds
[2025-03-08T13:29:16.514+0000] {manager.py:472} INFO - Checking for new files in /opt/airflow/dags every 300 seconds
[2025-03-08T13:29:16.516+0000] {manager.py:737} INFO - Searching for files in /opt/airflow/dags
[2025-03-08T13:29:16.543+0000] {manager.py:740} INFO - There are 1 files in /opt/airflow/dags
[2025-03-08T13:29:16.671+0000] {manager.py:878} INFO - 
================================================================================
DAG File Processing Stats

File Path                        PID  Runtime      # DAGs    # Errors  Last Runtime    Last Run
-----------------------------  -----  ---------  --------  ----------  --------------  ----------
/opt/airflow/dags/dag_test.py     15  0.06s             0           0
================================================================================
[2025-03-08T13:29:47.123+0000] {manager.py:878} INFO - 
================================================================================
DAG File Processing Stats

File Path                      PID    Runtime      # DAGs    # Errors  Last Runtime    Last Run
-----------------------------  -----  ---------  --------  ----------  --------------  -------------------
/opt/airflow/dags/dag_test.py                           1           0  -28.89s         2025-03-08T13:29:33
================================================================================
[2025-03-08T13:29:57.504+0000] {manager.py:452} INFO - Exiting gracefully upon receiving signal 15
[2025-03-08T13:30:27.299+0000] {manager.py:470} INFO - Processing files using up to 2 processes at a time 
[2025-03-08T13:30:27.300+0000] {manager.py:471} INFO - Process each file at most once every 30 seconds
[2025-03-08T13:30:27.302+0000] {manager.py:472} INFO - Checking for new files in /opt/airflow/dags every 300 seconds
[2025-03-08T13:30:27.303+0000] {manager.py:737} INFO - Searching for files in /opt/airflow/dags
[2025-03-08T13:30:27.335+0000] {manager.py:740} INFO - There are 1 files in /opt/airflow/dags
[2025-03-08T13:30:27.447+0000] {manager.py:878} INFO - 
================================================================================
DAG File Processing Stats

File Path                        PID  Runtime      # DAGs    # Errors  Last Runtime    Last Run
-----------------------------  -----  ---------  --------  ----------  --------------  ----------
/opt/airflow/dags/dag_test.py     15  0.05s             0           0
================================================================================
[2025-03-08T13:31:09.996+0000] {manager.py:470} INFO - Processing files using up to 2 processes at a time 
[2025-03-08T13:31:09.998+0000] {manager.py:471} INFO - Process each file at most once every 30 seconds
[2025-03-08T13:31:10.000+0000] {manager.py:472} INFO - Checking for new files in /opt/airflow/dags every 300 seconds
[2025-03-08T13:31:10.001+0000] {manager.py:737} INFO - Searching for files in /opt/airflow/dags
[2025-03-08T13:31:10.025+0000] {manager.py:740} INFO - There are 1 files in /opt/airflow/dags
[2025-03-08T13:31:10.144+0000] {manager.py:878} INFO - 
================================================================================
DAG File Processing Stats

File Path                        PID  Runtime      # DAGs    # Errors  Last Runtime    Last Run
-----------------------------  -----  ---------  --------  ----------  --------------  ----------
/opt/airflow/dags/dag_test.py     15  0.06s             0           0
================================================================================
